<?xml version="1.0" encoding="UTF-8"?>
<testsuite name="com.adventure.MT6" tests="3" skipped="0" failures="0" errors="0" timestamp="2022-11-29T16:35:54" hostname="IAN" time="0.566">
  <properties/>
  <testcase name="testCommandHelp()" classname="com.adventure.MT6" time="0.56"/>
  <testcase name="testCommandMove()" classname="com.adventure.MT6" time="0.002"/>
  <testcase name="testCommandUse()" classname="com.adventure.MT6" time="0.002"/>
  <system-out><![CDATA[]]></system-out>
  <system-err><![CDATA[]]></system-err>
</testsuite>
